0 silly argv {
0 silly argv   _: [ 'create' ],
0 silly argv   lernaVersion: '6.6.2',
0 silly argv   '$0': 'lerna',
0 silly argv   name: '@fake-cli-dev/init'
0 silly argv }
1 notice cli v6.6.2
2 verbose rootPath /Users/lc/learn/all-of-fe/fake-cli-dev
3 warn EWORKSPACES Workspaces exist in the root package.json, but Lerna is not configured to use them.
3 warn EWORKSPACES To fix this and have Lerna use workspaces to resolve packages, set `useWorkspaces: true` in lerna.json.
4 warn EWORKSPACES Workspaces exist in the root package.json, but Lerna is not configured to use them.
4 warn EWORKSPACES To fix this and have Lerna use workspaces to resolve packages, set `useWorkspaces: true` in lerna.json.
5 error Error: canceled
5 error     at Interface.<anonymous> (/Users/lc/.nvm/versions/node/v16.14.2/lib/node_modules/lerna/node_modules/read/lib/read.js:66:13)
5 error     at Interface.emit (node:events:526:28)
5 error     at Interface._ttyWrite (node:readline:1081:16)
5 error     at ReadStream.onkeypress (node:readline:288:10)
5 error     at ReadStream.emit (node:events:526:28)
5 error     at emitKeys (node:internal/readline/utils:358:14)
5 error     at emitKeys.next (<anonymous>)
5 error     at ReadStream.onData (node:internal/readline/emitKeypressEvents:61:36)
5 error     at ReadStream.emit (node:events:526:28)
